[debug] [2022-01-30T09:44:07.183Z] ----------------------------------------------------------------------
[debug] [2022-01-30T09:44:07.185Z] Command:       C:\Program Files\nodejs\node.exe C:\Users\rpsra\AppData\Roaming\npm\node_modules\firebase-tools\lib\bin\firebase.js emulators:start --only functions
[debug] [2022-01-30T09:44:07.185Z] CLI Version:   10.1.2
[debug] [2022-01-30T09:44:07.185Z] Platform:      win32
[debug] [2022-01-30T09:44:07.185Z] Node Version:  v14.17.0
[debug] [2022-01-30T09:44:07.186Z] Time:          Sun Jan 30 2022 15:14:07 GMT+0530 (India Standard Time)
[debug] [2022-01-30T09:44:07.186Z] ----------------------------------------------------------------------
[debug] 
[debug] [2022-01-30T09:44:07.231Z] > command requires scopes: ["email","openid","https://www.googleapis.com/auth/cloudplatformprojects.readonly","https://www.googleapis.com/auth/firebase","https://www.googleapis.com/auth/cloud-platform"]
[debug] [2022-01-30T09:44:07.232Z] > authorizing via signed-in user (rpsram98@gmail.com)
[info] i  emulators: Starting emulators: functions {"metadata":{"emulator":{"name":"hub"},"message":"Starting emulators: functions"}}
[debug] [2022-01-30T09:44:07.257Z] [hub] writing locator at C:\Users\rpsra\AppData\Local\Temp\hub-maestro-shopping.json
[warn] !  functions: The following emulators are not running, calls to these services from the Functions emulator will affect production: auth, firestore, database, hosting, pubsub, storage {"metadata":{"emulator":{"name":"functions"},"message":"The following emulators are not running, calls to these services from the Functions emulator will affect production: \u001b[1mauth, firestore, database, hosting, pubsub, storage\u001b[22m"}}
[warn] !  Your requested "node" version "16" doesn't match your global version "14" {"metadata":{"emulator":{"name":"functions"},"message":"Your requested \"node\" version \"16\" doesn't match your global version \"14\""}}
[debug] [2022-01-30T09:44:07.314Z] defaultcredentials: writing to file C:\Users\rpsra\AppData\Roaming\firebase\rpsram98_gmail_com_application_default_credentials.json
[debug] [2022-01-30T09:44:07.316Z] Setting GAC to C:\Users\rpsra\AppData\Roaming\firebase\rpsram98_gmail_com_application_default_credentials.json {"metadata":{"emulator":{"name":"functions"},"message":"Setting GAC to C:\\Users\\rpsra\\AppData\\Roaming\\firebase\\rpsram98_gmail_com_application_default_credentials.json"}}
[debug] [2022-01-30T09:44:07.317Z] >>> [apiv2][query] GET https://firebase.googleapis.com/v1beta1/projects/maestro-shopping/adminSdkConfig [none]
[debug] [2022-01-30T09:44:07.725Z] <<< [apiv2][status] GET https://firebase.googleapis.com/v1beta1/projects/maestro-shopping/adminSdkConfig 200
[debug] [2022-01-30T09:44:07.725Z] <<< [apiv2][body] GET https://firebase.googleapis.com/v1beta1/projects/maestro-shopping/adminSdkConfig {"projectId":"maestro-shopping","storageBucket":"maestro-shopping.appspot.com","locationId":"us-central"}
[debug] [2022-01-30T09:44:08.003Z] Ignoring unsupported arg: auto_download {"metadata":{"emulator":{"name":"ui"},"message":"Ignoring unsupported arg: auto_download"}}
[debug] [2022-01-30T09:44:08.003Z] Ignoring unsupported arg: port {"metadata":{"emulator":{"name":"ui"},"message":"Ignoring unsupported arg: port"}}
[debug] [2022-01-30T09:44:08.003Z] Starting Emulator UI with command {"binary":"node","args":["C:\\Users\\rpsra\\.cache\\firebase\\emulators\\ui-v1.6.4\\server.bundle.js"],"optionalArgs":[],"joinArgs":false} {"metadata":{"emulator":{"name":"ui"},"message":"Starting Emulator UI with command {\"binary\":\"node\",\"args\":[\"C:\\\\Users\\\\rpsra\\\\.cache\\\\firebase\\\\emulators\\\\ui-v1.6.4\\\\server.bundle.js\"],\"optionalArgs\":[],\"joinArgs\":false}"}}
[info] i  ui: Emulator UI logging to ui-debug.log {"metadata":{"emulator":{"name":"ui"},"message":"Emulator UI logging to \u001b[1mui-debug.log\u001b[22m"}}
[debug] [2022-01-30T09:44:08.113Z] Web / API server started at localhost:4000
 {"metadata":{"emulator":{"name":"ui"},"message":"Web / API server started at localhost:4000\n"}}
[info] i  functions: Watching "E:\maestro-shopping\functions" for Cloud Functions... {"metadata":{"emulator":{"name":"functions"},"message":"Watching \"E:\\maestro-shopping\\functions\" for Cloud Functions..."}}
[debug] [2022-01-30T09:44:08.304Z] [worker-pool] addWorker(~diagnostic~) {"metadata":{"emulator":{"name":"functions"},"message":"[worker-pool] addWorker(~diagnostic~)"}}
[debug] [2022-01-30T09:44:08.304Z] [worker-pool] Adding worker with key ~diagnostic~, total=1 {"metadata":{"emulator":{"name":"functions"},"message":"[worker-pool] Adding worker with key ~diagnostic~, total=1"}}
[debug] [2022-01-30T09:44:08.304Z] [worker-pool] submitWork(triggerId=) {"metadata":{"emulator":{"name":"functions"},"message":"[worker-pool] submitWork(triggerId=)"}}
[debug] [2022-01-30T09:44:08.305Z] [worker-~diagnostic~-70b3f258-b870-49e9-bd6f-b39765905b7c]: Assigning socketPath: \\?\pipe\E:\maestro-shopping\functions\24796 {"metadata":{"emulator":{"name":"functions"},"message":"[worker-~diagnostic~-70b3f258-b870-49e9-bd6f-b39765905b7c]: Assigning socketPath: \\\\?\\pipe\\E:\\maestro-shopping\\functions\\24796"}}
[debug] [2022-01-30T09:44:08.306Z] [worker-~diagnostic~-70b3f258-b870-49e9-bd6f-b39765905b7c]: BUSY {"metadata":{"emulator":{"name":"functions"},"message":"[worker-~diagnostic~-70b3f258-b870-49e9-bd6f-b39765905b7c]: BUSY"}}
[debug] [2022-01-30T09:44:08.451Z] [runtime-status] [24796] Functions runtime initialized. {"cwd":"E:\\maestro-shopping\\functions","node_version":"14.17.0"} {"metadata":{"emulator":{"name":"functions"},"message":"[runtime-status] [24796] Functions runtime initialized. {\"cwd\":\"E:\\\\maestro-shopping\\\\functions\",\"node_version\":\"14.17.0\"}"}}
[debug] [2022-01-30T09:44:08.451Z] [runtime-status] [24796] Disabled runtime features: undefined {"metadata":{"emulator":{"name":"functions"},"message":"[runtime-status] [24796] Disabled runtime features: undefined"}}
[debug] [2022-01-30T09:44:08.453Z] [runtime-status] [24796] Resolved module firebase-admin {"declared":true,"installed":true,"version":"9.12.0","resolution":"E:\\maestro-shopping\\functions\\node_modules\\firebase-admin\\lib\\index.js"} {"metadata":{"emulator":{"name":"functions"},"message":"[runtime-status] [24796] Resolved module firebase-admin {\"declared\":true,\"installed\":true,\"version\":\"9.12.0\",\"resolution\":\"E:\\\\maestro-shopping\\\\functions\\\\node_modules\\\\firebase-admin\\\\lib\\\\index.js\"}"}}
[debug] [2022-01-30T09:44:08.457Z] [runtime-status] [24796] Resolved module firebase-functions {"declared":true,"installed":true,"version":"3.16.0","resolution":"E:\\maestro-shopping\\functions\\node_modules\\firebase-functions\\lib\\index.js"} {"metadata":{"emulator":{"name":"functions"},"message":"[runtime-status] [24796] Resolved module firebase-functions {\"declared\":true,\"installed\":true,\"version\":\"3.16.0\",\"resolution\":\"E:\\\\maestro-shopping\\\\functions\\\\node_modules\\\\firebase-functions\\\\lib\\\\index.js\"}"}}
[debug] [2022-01-30T09:44:08.460Z] [runtime-status] [24796] Outgoing network have been stubbed. [{"name":"http","status":"mocked"},{"name":"http","status":"mocked"},{"name":"https","status":"mocked"},{"name":"https","status":"mocked"},{"name":"net","status":"mocked"}] {"metadata":{"emulator":{"name":"functions"},"message":"[runtime-status] [24796] Outgoing network have been stubbed. [{\"name\":\"http\",\"status\":\"mocked\"},{\"name\":\"http\",\"status\":\"mocked\"},{\"name\":\"https\",\"status\":\"mocked\"},{\"name\":\"https\",\"status\":\"mocked\"},{\"name\":\"net\",\"status\":\"mocked\"}]"}}
[debug] [2022-01-30T09:44:08.461Z] [runtime-status] [24796] Resolved module firebase-functions {"declared":true,"installed":true,"version":"3.16.0","resolution":"E:\\maestro-shopping\\functions\\node_modules\\firebase-functions\\lib\\index.js"} {"metadata":{"emulator":{"name":"functions"},"message":"[runtime-status] [24796] Resolved module firebase-functions {\"declared\":true,\"installed\":true,\"version\":\"3.16.0\",\"resolution\":\"E:\\\\maestro-shopping\\\\functions\\\\node_modules\\\\firebase-functions\\\\lib\\\\index.js\"}"}}
[debug] [2022-01-30T09:44:08.499Z] [runtime-status] [24796] Checked functions.config() {"config":{}} {"metadata":{"emulator":{"name":"functions"},"message":"[runtime-status] [24796] Checked functions.config() {\"config\":{}}"}}
[debug] [2022-01-30T09:44:08.499Z] [runtime-status] [24796] firebase-functions has been stubbed. {"functionsResolution":{"declared":true,"installed":true,"version":"3.16.0","resolution":"E:\\maestro-shopping\\functions\\node_modules\\firebase-functions\\lib\\index.js"}} {"metadata":{"emulator":{"name":"functions"},"message":"[runtime-status] [24796] firebase-functions has been stubbed. {\"functionsResolution\":{\"declared\":true,\"installed\":true,\"version\":\"3.16.0\",\"resolution\":\"E:\\\\maestro-shopping\\\\functions\\\\node_modules\\\\firebase-functions\\\\lib\\\\index.js\"}}"}}
[debug] [2022-01-30T09:44:08.500Z] [runtime-status] [24796] Resolved module firebase-functions {"declared":true,"installed":true,"version":"3.16.0","resolution":"E:\\maestro-shopping\\functions\\node_modules\\firebase-functions\\lib\\index.js"} {"metadata":{"emulator":{"name":"functions"},"message":"[runtime-status] [24796] Resolved module firebase-functions {\"declared\":true,\"installed\":true,\"version\":\"3.16.0\",\"resolution\":\"E:\\\\maestro-shopping\\\\functions\\\\node_modules\\\\firebase-functions\\\\lib\\\\index.js\"}"}}
[debug] [2022-01-30T09:44:08.500Z] [runtime-status] [24796] Resolved module firebase-admin {"declared":true,"installed":true,"version":"9.12.0","resolution":"E:\\maestro-shopping\\functions\\node_modules\\firebase-admin\\lib\\index.js"} {"metadata":{"emulator":{"name":"functions"},"message":"[runtime-status] [24796] Resolved module firebase-admin {\"declared\":true,\"installed\":true,\"version\":\"9.12.0\",\"resolution\":\"E:\\\\maestro-shopping\\\\functions\\\\node_modules\\\\firebase-admin\\\\lib\\\\index.js\"}"}}
[debug] [2022-01-30T09:44:08.503Z] [runtime-status] [24796] Resolved module firebase-functions {"declared":true,"installed":true,"version":"3.16.0","resolution":"E:\\maestro-shopping\\functions\\node_modules\\firebase-functions\\lib\\index.js"} {"metadata":{"emulator":{"name":"functions"},"message":"[runtime-status] [24796] Resolved module firebase-functions {\"declared\":true,\"installed\":true,\"version\":\"3.16.0\",\"resolution\":\"E:\\\\maestro-shopping\\\\functions\\\\node_modules\\\\firebase-functions\\\\lib\\\\index.js\"}"}}
[debug] [2022-01-30T09:44:08.503Z] [runtime-status] [24796] firebase-admin has been stubbed. {"adminResolution":{"declared":true,"installed":true,"version":"9.12.0","resolution":"E:\\maestro-shopping\\functions\\node_modules\\firebase-admin\\lib\\index.js"}} {"metadata":{"emulator":{"name":"functions"},"message":"[runtime-status] [24796] firebase-admin has been stubbed. {\"adminResolution\":{\"declared\":true,\"installed\":true,\"version\":\"9.12.0\",\"resolution\":\"E:\\\\maestro-shopping\\\\functions\\\\node_modules\\\\firebase-admin\\\\lib\\\\index.js\"}}"}}
[info] +  functions[us-central1-api]: http function initialized (http://localhost:5001/maestro-shopping/us-central1/api). {"metadata":{"emulator":{"name":"functions"},"message":"\u001b[1mhttp\u001b[22m function initialized (http://localhost:5001/maestro-shopping/us-central1/api)."}}
[info] 
┌─────────────────────────────────────────────────────────────┐
│ ✔  All emulators ready! It is now safe to connect your app. │
│ i  View Emulator UI at http://localhost:4000                │
└─────────────────────────────────────────────────────────────┘

┌───────────┬────────────────┬─────────────────────────────────┐
│ Emulator  │ Host:Port      │ View in Emulator UI             │
├───────────┼────────────────┼─────────────────────────────────┤
│ Functions │ localhost:5001 │ http://localhost:4000/functions │
└───────────┴────────────────┴─────────────────────────────────┘
  Emulator Hub running at localhost:4400
  Other reserved ports: 4500

Issues? Report them at https://github.com/firebase/firebase-tools/issues and attach the *-debug.log files.
 
[debug] [2022-01-30T09:44:08.634Z] [worker-~diagnostic~-70b3f258-b870-49e9-bd6f-b39765905b7c]: IDLE {"metadata":{"emulator":{"name":"functions"},"message":"[worker-~diagnostic~-70b3f258-b870-49e9-bd6f-b39765905b7c]: IDLE"}}
[debug] [2022-01-30T09:45:08.687Z] [work-queue] {"queueLength":1,"workRunningCount":0}
[debug] [2022-01-30T09:45:08.687Z] [work-queue] {"queueLength":0,"workRunningCount":1}
[debug] [2022-01-30T09:45:08.688Z] Accepted request POST /maestro-shopping/us-central1/api/payments/create?total=76400 --> us-central1-api
[debug] [2022-01-30T09:45:08.697Z] [worker-pool] addWorker(us-central1-api) {"metadata":{"emulator":{"name":"functions"},"message":"[worker-pool] addWorker(us-central1-api)"}}
[debug] [2022-01-30T09:45:08.697Z] [worker-pool] Adding worker with key us-central1-api, total=1 {"metadata":{"emulator":{"name":"functions"},"message":"[worker-pool] Adding worker with key us-central1-api, total=1"}}
[debug] [2022-01-30T09:45:08.697Z] [worker-pool] submitWork(triggerId=us-central1-api) {"metadata":{"emulator":{"name":"functions"},"message":"[worker-pool] submitWork(triggerId=us-central1-api)"}}
[debug] [2022-01-30T09:45:08.698Z] [worker-us-central1-api-c3db30de-3b62-4442-8c7e-d20d4593a1ab]: Assigning socketPath: \\?\pipe\E:\maestro-shopping\functions\20260 {"metadata":{"emulator":{"name":"functions"},"message":"[worker-us-central1-api-c3db30de-3b62-4442-8c7e-d20d4593a1ab]: Assigning socketPath: \\\\?\\pipe\\E:\\maestro-shopping\\functions\\20260"}}
[debug] [2022-01-30T09:45:08.698Z] [worker-us-central1-api-c3db30de-3b62-4442-8c7e-d20d4593a1ab]: BUSY {"metadata":{"emulator":{"name":"functions"},"message":"[worker-us-central1-api-c3db30de-3b62-4442-8c7e-d20d4593a1ab]: BUSY"}}
[debug] [2022-01-30T09:45:08.866Z] [runtime-status] [20260] Functions runtime initialized. {"cwd":"E:\\maestro-shopping\\functions","node_version":"14.17.0"} {"metadata":{"emulator":{"name":"functions"},"function":{"name":"us-central1-api"},"message":"[runtime-status] [20260] Functions runtime initialized. {\"cwd\":\"E:\\\\maestro-shopping\\\\functions\",\"node_version\":\"14.17.0\"}"}}
[debug] [2022-01-30T09:45:08.867Z] [runtime-status] [20260] Disabled runtime features: undefined {"metadata":{"emulator":{"name":"functions"},"function":{"name":"us-central1-api"},"message":"[runtime-status] [20260] Disabled runtime features: undefined"}}
[debug] [2022-01-30T09:45:08.869Z] [runtime-status] [20260] Resolved module firebase-admin {"declared":true,"installed":true,"version":"9.12.0","resolution":"E:\\maestro-shopping\\functions\\node_modules\\firebase-admin\\lib\\index.js"} {"metadata":{"emulator":{"name":"functions"},"function":{"name":"us-central1-api"},"message":"[runtime-status] [20260] Resolved module firebase-admin {\"declared\":true,\"installed\":true,\"version\":\"9.12.0\",\"resolution\":\"E:\\\\maestro-shopping\\\\functions\\\\node_modules\\\\firebase-admin\\\\lib\\\\index.js\"}"}}
[debug] [2022-01-30T09:45:08.872Z] [runtime-status] [20260] Resolved module firebase-functions {"declared":true,"installed":true,"version":"3.16.0","resolution":"E:\\maestro-shopping\\functions\\node_modules\\firebase-functions\\lib\\index.js"} {"metadata":{"emulator":{"name":"functions"},"function":{"name":"us-central1-api"},"message":"[runtime-status] [20260] Resolved module firebase-functions {\"declared\":true,\"installed\":true,\"version\":\"3.16.0\",\"resolution\":\"E:\\\\maestro-shopping\\\\functions\\\\node_modules\\\\firebase-functions\\\\lib\\\\index.js\"}"}}
[debug] [2022-01-30T09:45:08.873Z] [runtime-status] [20260] Outgoing network have been stubbed. [{"name":"http","status":"mocked"},{"name":"http","status":"mocked"},{"name":"https","status":"mocked"},{"name":"https","status":"mocked"},{"name":"net","status":"mocked"}] {"metadata":{"emulator":{"name":"functions"},"function":{"name":"us-central1-api"},"message":"[runtime-status] [20260] Outgoing network have been stubbed. [{\"name\":\"http\",\"status\":\"mocked\"},{\"name\":\"http\",\"status\":\"mocked\"},{\"name\":\"https\",\"status\":\"mocked\"},{\"name\":\"https\",\"status\":\"mocked\"},{\"name\":\"net\",\"status\":\"mocked\"}]"}}
[debug] [2022-01-30T09:45:08.875Z] [runtime-status] [20260] Resolved module firebase-functions {"declared":true,"installed":true,"version":"3.16.0","resolution":"E:\\maestro-shopping\\functions\\node_modules\\firebase-functions\\lib\\index.js"} {"metadata":{"emulator":{"name":"functions"},"function":{"name":"us-central1-api"},"message":"[runtime-status] [20260] Resolved module firebase-functions {\"declared\":true,\"installed\":true,\"version\":\"3.16.0\",\"resolution\":\"E:\\\\maestro-shopping\\\\functions\\\\node_modules\\\\firebase-functions\\\\lib\\\\index.js\"}"}}
[debug] [2022-01-30T09:45:08.909Z] [runtime-status] [20260] Checked functions.config() {"config":{}} {"metadata":{"emulator":{"name":"functions"},"function":{"name":"us-central1-api"},"message":"[runtime-status] [20260] Checked functions.config() {\"config\":{}}"}}
[debug] [2022-01-30T09:45:08.909Z] [runtime-status] [20260] firebase-functions has been stubbed. {"functionsResolution":{"declared":true,"installed":true,"version":"3.16.0","resolution":"E:\\maestro-shopping\\functions\\node_modules\\firebase-functions\\lib\\index.js"}} {"metadata":{"emulator":{"name":"functions"},"function":{"name":"us-central1-api"},"message":"[runtime-status] [20260] firebase-functions has been stubbed. {\"functionsResolution\":{\"declared\":true,\"installed\":true,\"version\":\"3.16.0\",\"resolution\":\"E:\\\\maestro-shopping\\\\functions\\\\node_modules\\\\firebase-functions\\\\lib\\\\index.js\"}}"}}
[debug] [2022-01-30T09:45:08.910Z] [runtime-status] [20260] Resolved module firebase-functions {"declared":true,"installed":true,"version":"3.16.0","resolution":"E:\\maestro-shopping\\functions\\node_modules\\firebase-functions\\lib\\index.js"} {"metadata":{"emulator":{"name":"functions"},"function":{"name":"us-central1-api"},"message":"[runtime-status] [20260] Resolved module firebase-functions {\"declared\":true,\"installed\":true,\"version\":\"3.16.0\",\"resolution\":\"E:\\\\maestro-shopping\\\\functions\\\\node_modules\\\\firebase-functions\\\\lib\\\\index.js\"}"}}
[debug] [2022-01-30T09:45:08.911Z] [runtime-status] [20260] Resolved module firebase-admin {"declared":true,"installed":true,"version":"9.12.0","resolution":"E:\\maestro-shopping\\functions\\node_modules\\firebase-admin\\lib\\index.js"} {"metadata":{"emulator":{"name":"functions"},"function":{"name":"us-central1-api"},"message":"[runtime-status] [20260] Resolved module firebase-admin {\"declared\":true,\"installed\":true,\"version\":\"9.12.0\",\"resolution\":\"E:\\\\maestro-shopping\\\\functions\\\\node_modules\\\\firebase-admin\\\\lib\\\\index.js\"}"}}
[debug] [2022-01-30T09:45:08.913Z] [runtime-status] [20260] Resolved module firebase-functions {"declared":true,"installed":true,"version":"3.16.0","resolution":"E:\\maestro-shopping\\functions\\node_modules\\firebase-functions\\lib\\index.js"} {"metadata":{"emulator":{"name":"functions"},"function":{"name":"us-central1-api"},"message":"[runtime-status] [20260] Resolved module firebase-functions {\"declared\":true,\"installed\":true,\"version\":\"3.16.0\",\"resolution\":\"E:\\\\maestro-shopping\\\\functions\\\\node_modules\\\\firebase-functions\\\\lib\\\\index.js\"}"}}
[debug] [2022-01-30T09:45:08.913Z] [runtime-status] [20260] firebase-admin has been stubbed. {"adminResolution":{"declared":true,"installed":true,"version":"9.12.0","resolution":"E:\\maestro-shopping\\functions\\node_modules\\firebase-admin\\lib\\index.js"}} {"metadata":{"emulator":{"name":"functions"},"function":{"name":"us-central1-api"},"message":"[runtime-status] [20260] firebase-admin has been stubbed. {\"adminResolution\":{\"declared\":true,\"installed\":true,\"version\":\"9.12.0\",\"resolution\":\"E:\\\\maestro-shopping\\\\functions\\\\node_modules\\\\firebase-admin\\\\lib\\\\index.js\"}}"}}
[debug] [2022-01-30T09:45:09.011Z] [runtime-status] [20260] Trigger "us-central1-api" has been found, beginning invocation! {"metadata":{"emulator":{"name":"functions"},"function":{"name":"us-central1-api"},"message":"[runtime-status] [20260] Trigger \"us-central1-api\" has been found, beginning invocation!"}}
[info] i  functions: Beginning execution of "us-central1-api" {"metadata":{"emulator":{"name":"functions"},"function":{"name":"us-central1-api"},"message":"Beginning execution of \"us-central1-api\""}}
[debug] [2022-01-30T09:45:09.012Z] [runtime-status] [20260] triggerDefinition {"httpsTrigger":{},"name":"api","entryPoint":"api","regions":["us-central1"],"region":"us-central1","id":"us-central1-api","platform":"gcfv1"} {"metadata":{"emulator":{"name":"functions"},"function":{"name":"us-central1-api"},"message":"[runtime-status] [20260] triggerDefinition {\"httpsTrigger\":{},\"name\":\"api\",\"entryPoint\":\"api\",\"regions\":[\"us-central1\"],\"region\":\"us-central1\",\"id\":\"us-central1-api\",\"platform\":\"gcfv1\"}"}}
[debug] [2022-01-30T09:45:09.012Z] [runtime-status] [20260] Running us-central1-api in signature http {"metadata":{"emulator":{"name":"functions"},"function":{"name":"us-central1-api"},"message":"[runtime-status] [20260] Running us-central1-api in signature http"}}
[debug] [2022-01-30T09:45:09.015Z] [runtime-status] [20260] Attempting to listen to socketPath: \\?\pipe\E:\maestro-shopping\functions\20260 {"metadata":{"emulator":{"name":"functions"},"function":{"name":"us-central1-api"},"message":"[runtime-status] [20260] Attempting to listen to socketPath: \\\\?\\pipe\\E:\\maestro-shopping\\functions\\20260"}}
[debug] [2022-01-30T09:45:09.018Z] [functions] Runtime ready! Sending request! {"metadata":{"emulator":{"name":"functions"},"message":"[functions] Runtime ready! Sending request!"}}
[debug] [2022-01-30T09:45:09.019Z] [functions] Got req.url=/maestro-shopping/us-central1/api/payments/create?total=76400, mapping to path=/payments/create?total=76400 {"metadata":{"emulator":{"name":"functions"},"message":"[functions] Got req.url=/maestro-shopping/us-central1/api/payments/create?total=76400, mapping to path=/payments/create?total=76400"}}
[debug] [2022-01-30T09:45:09.027Z] [runtime-status] [20260] Ephemeral server handling POST request {"metadata":{"emulator":{"name":"functions"},"function":{"name":"us-central1-api"},"message":"[runtime-status] [20260] Ephemeral server handling POST request"}}
[info] >  Payment Request Recieved BOOM!!! for this amount >>>  76400 {"user":"Payment Request Recieved BOOM!!! for this amount >>>  76400","metadata":{"emulator":{"name":"functions"},"function":{"name":"us-central1-api"},"message":"\u001b[90m> \u001b[39m Payment Request Recieved BOOM!!! for this amount >>>  76400"}}
[debug] [2022-01-30T09:45:09.059Z] [runtime-status] [20260] Ephemeral server survived. {"metadata":{"emulator":{"name":"functions"},"function":{"name":"us-central1-api"},"message":"[runtime-status] [20260] Ephemeral server survived."}}
[info] i  functions: Finished "us-central1-api" in ~1s {"metadata":{"emulator":{"name":"functions"},"function":{"name":"us-central1-api"},"message":"Finished \"us-central1-api\" in ~1s"}}
[debug] [2022-01-30T09:45:09.909Z] [worker-us-central1-api-c3db30de-3b62-4442-8c7e-d20d4593a1ab]: IDLE {"metadata":{"emulator":{"name":"functions"},"message":"[worker-us-central1-api-c3db30de-3b62-4442-8c7e-d20d4593a1ab]: IDLE"}}
[debug] [2022-01-30T09:45:09.910Z] [work-queue] {"queueLength":0,"workRunningCount":0}
[debug] [2022-01-30T09:45:27.559Z] [work-queue] {"queueLength":1,"workRunningCount":0}
[debug] [2022-01-30T09:45:27.559Z] [work-queue] {"queueLength":0,"workRunningCount":1}
[debug] [2022-01-30T09:45:27.559Z] Accepted request POST /maestro-shopping/us-central1/api/payments/create?total=0 --> us-central1-api
[debug] [2022-01-30T09:45:27.560Z] [worker-pool] submitWork(triggerId=us-central1-api) {"metadata":{"emulator":{"name":"functions"},"message":"[worker-pool] submitWork(triggerId=us-central1-api)"}}
[debug] [2022-01-30T09:45:27.560Z] [worker-us-central1-api-c3db30de-3b62-4442-8c7e-d20d4593a1ab]: Assigning socketPath: \\?\pipe\E:\maestro-shopping\functions\20260 {"metadata":{"emulator":{"name":"functions"},"message":"[worker-us-central1-api-c3db30de-3b62-4442-8c7e-d20d4593a1ab]: Assigning socketPath: \\\\?\\pipe\\E:\\maestro-shopping\\functions\\20260"}}
[debug] [2022-01-30T09:45:27.560Z] [worker-us-central1-api-c3db30de-3b62-4442-8c7e-d20d4593a1ab]: BUSY {"metadata":{"emulator":{"name":"functions"},"message":"[worker-us-central1-api-c3db30de-3b62-4442-8c7e-d20d4593a1ab]: BUSY"}}
[debug] [2022-01-30T09:45:27.561Z] [runtime-status] [20260] Trigger "us-central1-api" has been found, beginning invocation! {"metadata":{"emulator":{"name":"functions"},"function":{"name":"us-central1-api"},"message":"[runtime-status] [20260] Trigger \"us-central1-api\" has been found, beginning invocation!"}}
[info] i  functions: Beginning execution of "us-central1-api" {"metadata":{"emulator":{"name":"functions"},"function":{"name":"us-central1-api"},"message":"Beginning execution of \"us-central1-api\""}}
[debug] [2022-01-30T09:45:27.563Z] [runtime-status] [20260] triggerDefinition {"httpsTrigger":{},"name":"api","entryPoint":"api","regions":["us-central1"],"region":"us-central1","id":"us-central1-api","platform":"gcfv1"} {"metadata":{"emulator":{"name":"functions"},"function":{"name":"us-central1-api"},"message":"[runtime-status] [20260] triggerDefinition {\"httpsTrigger\":{},\"name\":\"api\",\"entryPoint\":\"api\",\"regions\":[\"us-central1\"],\"region\":\"us-central1\",\"id\":\"us-central1-api\",\"platform\":\"gcfv1\"}"}}
[debug] [2022-01-30T09:45:27.564Z] [runtime-status] [20260] Running us-central1-api in signature http {"metadata":{"emulator":{"name":"functions"},"function":{"name":"us-central1-api"},"message":"[runtime-status] [20260] Running us-central1-api in signature http"}}
[debug] [2022-01-30T09:45:27.565Z] [runtime-status] [20260] Attempting to listen to socketPath: \\?\pipe\E:\maestro-shopping\functions\20260 {"metadata":{"emulator":{"name":"functions"},"function":{"name":"us-central1-api"},"message":"[runtime-status] [20260] Attempting to listen to socketPath: \\\\?\\pipe\\E:\\maestro-shopping\\functions\\20260"}}
[debug] [2022-01-30T09:45:27.566Z] [functions] Runtime ready! Sending request! {"metadata":{"emulator":{"name":"functions"},"message":"[functions] Runtime ready! Sending request!"}}
[debug] [2022-01-30T09:45:27.567Z] [functions] Got req.url=/maestro-shopping/us-central1/api/payments/create?total=0, mapping to path=/payments/create?total=0 {"metadata":{"emulator":{"name":"functions"},"message":"[functions] Got req.url=/maestro-shopping/us-central1/api/payments/create?total=0, mapping to path=/payments/create?total=0"}}
[debug] [2022-01-30T09:45:27.570Z] [runtime-status] [20260] Ephemeral server handling POST request {"metadata":{"emulator":{"name":"functions"},"function":{"name":"us-central1-api"},"message":"[runtime-status] [20260] Ephemeral server handling POST request"}}
[info] >  Payment Request Recieved BOOM!!! for this amount >>>  0 {"user":"Payment Request Recieved BOOM!!! for this amount >>>  0","metadata":{"emulator":{"name":"functions"},"function":{"name":"us-central1-api"},"message":"\u001b[90m> \u001b[39m Payment Request Recieved BOOM!!! for this amount >>>  0"}}
[debug] [2022-01-30T09:45:27.572Z] [runtime-status] [20260] Ephemeral server survived. {"metadata":{"emulator":{"name":"functions"},"function":{"name":"us-central1-api"},"message":"[runtime-status] [20260] Ephemeral server survived."}}
[info] >  (node:20260) UnhandledPromiseRejectionWarning: Error: This value must be greater than or equal to 1. {"user":"(node:20260) UnhandledPromiseRejectionWarning: Error: This value must be greater than or equal to 1.","metadata":{"emulator":{"name":"functions"},"function":{"name":"us-central1-api"},"message":"\u001b[90m> \u001b[39m (node:20260) UnhandledPromiseRejectionWarning: Error: This value must be greater than or equal to 1."}}
[info] >      at Function.generate (E:\maestro-shopping\functions\node_modules\stripe\lib\Error.js:40:16) {"user":"    at Function.generate (E:\\maestro-shopping\\functions\\node_modules\\stripe\\lib\\Error.js:40:16)","metadata":{"emulator":{"name":"functions"},"function":{"name":"us-central1-api"},"message":"\u001b[90m> \u001b[39m     at Function.generate (E:\\maestro-shopping\\functions\\node_modules\\stripe\\lib\\Error.js:40:16)"}}
[info] >      at res.toJSON.then.StripeAPIError.message (E:\maestro-shopping\functions\node_modules\stripe\lib\StripeResource.js:220:35) {"user":"    at res.toJSON.then.StripeAPIError.message (E:\\maestro-shopping\\functions\\node_modules\\stripe\\lib\\StripeResource.js:220:35)","metadata":{"emulator":{"name":"functions"},"function":{"name":"us-central1-api"},"message":"\u001b[90m> \u001b[39m     at res.toJSON.then.StripeAPIError.message (E:\\maestro-shopping\\functions\\node_modules\\stripe\\lib\\StripeResource.js:220:35)"}}
[info] >      at processTicksAndRejections (internal/process/task_queues.js:95:5) {"user":"    at processTicksAndRejections (internal/process/task_queues.js:95:5)","metadata":{"emulator":{"name":"functions"},"function":{"name":"us-central1-api"},"message":"\u001b[90m> \u001b[39m     at processTicksAndRejections (internal/process/task_queues.js:95:5)"}}
[info] >  (Use `node --trace-warnings ...` to show where the warning was created) {"user":"(Use `node --trace-warnings ...` to show where the warning was created)","metadata":{"emulator":{"name":"functions"},"function":{"name":"us-central1-api"},"message":"\u001b[90m> \u001b[39m (Use `node --trace-warnings ...` to show where the warning was created)"}}
[info] >  (node:20260) UnhandledPromiseRejectionWarning: Unhandled promise rejection. This error originated either by throwing inside of an async function without a catch block, or by rejecting a promise which was not handled with .catch(). To terminate the node process on unhandled promise rejection, use the CLI flag `--unhandled-rejections=strict` (see https://nodejs.org/api/cli.html#cli_unhandled_rejections_mode). (rejection id: 1) {"user":"(node:20260) UnhandledPromiseRejectionWarning: Unhandled promise rejection. This error originated either by throwing inside of an async function without a catch block, or by rejecting a promise which was not handled with .catch(). To terminate the node process on unhandled promise rejection, use the CLI flag `--unhandled-rejections=strict` (see https://nodejs.org/api/cli.html#cli_unhandled_rejections_mode). (rejection id: 1)","metadata":{"emulator":{"name":"functions"},"function":{"name":"us-central1-api"},"message":"\u001b[90m> \u001b[39m (node:20260) UnhandledPromiseRejectionWarning: Unhandled promise rejection. This error originated either by throwing inside of an async function without a catch block, or by rejecting a promise which was not handled with .catch(). To terminate the node process on unhandled promise rejection, use the CLI flag `--unhandled-rejections=strict` (see https://nodejs.org/api/cli.html#cli_unhandled_rejections_mode). (rejection id: 1)"}}
[info] >  (node:20260) [DEP0018] DeprecationWarning: Unhandled promise rejections are deprecated. In the future, promise rejections that are not handled will terminate the Node.js process with a non-zero exit code. {"user":"(node:20260) [DEP0018] DeprecationWarning: Unhandled promise rejections are deprecated. In the future, promise rejections that are not handled will terminate the Node.js process with a non-zero exit code.","metadata":{"emulator":{"name":"functions"},"function":{"name":"us-central1-api"},"message":"\u001b[90m> \u001b[39m (node:20260) [DEP0018] DeprecationWarning: Unhandled promise rejections are deprecated. In the future, promise rejections that are not handled will terminate the Node.js process with a non-zero exit code."}}
[warn] !  functions: Your function timed out after ~60s. To configure this timeout, see
      https://firebase.google.com/docs/functions/manage-functions#set_timeout_and_memory_allocation. {"metadata":{"emulator":{"name":"functions"},"function":{"name":"us-central1-api"},"message":"Your function timed out after ~60s. To configure this timeout, see\n      https://firebase.google.com/docs/functions/manage-functions#set_timeout_and_memory_allocation."}}
[info] >  C:\Users\rpsra\AppData\Roaming\npm\node_modules\firebase-tools\lib\emulator\functionsEmulatorRuntime.js:618 {"user":"C:\\Users\\rpsra\\AppData\\Roaming\\npm\\node_modules\\firebase-tools\\lib\\emulator\\functionsEmulatorRuntime.js:618\r","metadata":{"emulator":{"name":"functions"},"function":{"name":"us-central1-api"},"message":"\u001b[90m> \u001b[39m C:\\Users\\rpsra\\AppData\\Roaming\\npm\\node_modules\\firebase-tools\\lib\\emulator\\functionsEmulatorRuntime.js:618\r"}}
[info] >              throw new Error("Function timed out."); {"user":"            throw new Error(\"Function timed out.\");\r","metadata":{"emulator":{"name":"functions"},"function":{"name":"us-central1-api"},"message":"\u001b[90m> \u001b[39m             throw new Error(\"Function timed out.\");\r"}}
[info] >              ^ {"user":"            ^\r","metadata":{"emulator":{"name":"functions"},"function":{"name":"us-central1-api"},"message":"\u001b[90m> \u001b[39m             ^\r"}}
[info] >   {"user":"\r","metadata":{"emulator":{"name":"functions"},"function":{"name":"us-central1-api"},"message":"\u001b[90m> \u001b[39m \r"}}
[info] >  Error: Function timed out. {"user":"Error: Function timed out.\r","metadata":{"emulator":{"name":"functions"},"function":{"name":"us-central1-api"},"message":"\u001b[90m> \u001b[39m Error: Function timed out.\r"}}
[info] >      at Timeout._onTimeout (C:\Users\rpsra\AppData\Roaming\npm\node_modules\firebase-tools\lib\emulator\functionsEmulatorRuntime.js:618:19) {"user":"    at Timeout._onTimeout (C:\\Users\\rpsra\\AppData\\Roaming\\npm\\node_modules\\firebase-tools\\lib\\emulator\\functionsEmulatorRuntime.js:618:19)\r","metadata":{"emulator":{"name":"functions"},"function":{"name":"us-central1-api"},"message":"\u001b[90m> \u001b[39m     at Timeout._onTimeout (C:\\Users\\rpsra\\AppData\\Roaming\\npm\\node_modules\\firebase-tools\\lib\\emulator\\functionsEmulatorRuntime.js:618:19)\r"}}
[info] >      at listOnTimeout (internal/timers.js:555:17) {"user":"    at listOnTimeout (internal/timers.js:555:17)\r","metadata":{"emulator":{"name":"functions"},"function":{"name":"us-central1-api"},"message":"\u001b[90m> \u001b[39m     at listOnTimeout (internal/timers.js:555:17)\r"}}
[info] >      at processTimers (internal/timers.js:498:7) {"user":"    at processTimers (internal/timers.js:498:7)\r","metadata":{"emulator":{"name":"functions"},"function":{"name":"us-central1-api"},"message":"\u001b[90m> \u001b[39m     at processTimers (internal/timers.js:498:7)\r"}}
[debug] [2022-01-30T09:46:27.606Z] [worker-us-central1-api-c3db30de-3b62-4442-8c7e-d20d4593a1ab]: exited {"metadata":{"emulator":{"name":"functions"},"message":"[worker-us-central1-api-c3db30de-3b62-4442-8c7e-d20d4593a1ab]: exited"}}
[debug] [2022-01-30T09:46:27.607Z] [worker-us-central1-api-c3db30de-3b62-4442-8c7e-d20d4593a1ab]: FINISHED {"metadata":{"emulator":{"name":"functions"},"message":"[worker-us-central1-api-c3db30de-3b62-4442-8c7e-d20d4593a1ab]: FINISHED"}}
[debug] [2022-01-30T09:46:27.607Z] [work-queue] {"queueLength":0,"workRunningCount":0}
[debug] [2022-01-30T14:53:13.874Z] [work-queue] {"queueLength":1,"workRunningCount":0}
[debug] [2022-01-30T14:53:13.900Z] [work-queue] {"queueLength":0,"workRunningCount":1}
[debug] [2022-01-30T14:53:13.901Z] Accepted request POST /maestro-shopping/us-central1/api/payments/create?total=43980 --> us-central1-api
[debug] [2022-01-30T14:53:13.914Z] [worker-pool] Cleaned up workers for us-central1-api: 1 --> 0 {"metadata":{"emulator":{"name":"functions"},"message":"[worker-pool] Cleaned up workers for us-central1-api: 1 --> 0"}}
[debug] [2022-01-30T14:53:13.993Z] [worker-pool] addWorker(us-central1-api) {"metadata":{"emulator":{"name":"functions"},"message":"[worker-pool] addWorker(us-central1-api)"}}
[debug] [2022-01-30T14:53:13.993Z] [worker-pool] Adding worker with key us-central1-api, total=1 {"metadata":{"emulator":{"name":"functions"},"message":"[worker-pool] Adding worker with key us-central1-api, total=1"}}
[debug] [2022-01-30T14:53:13.994Z] [worker-pool] submitWork(triggerId=us-central1-api) {"metadata":{"emulator":{"name":"functions"},"message":"[worker-pool] submitWork(triggerId=us-central1-api)"}}
[debug] [2022-01-30T14:53:13.997Z] [worker-us-central1-api-6bc0f463-a092-4647-884d-793209dc4ab5]: Assigning socketPath: \\?\pipe\E:\maestro-shopping\functions\10876 {"metadata":{"emulator":{"name":"functions"},"message":"[worker-us-central1-api-6bc0f463-a092-4647-884d-793209dc4ab5]: Assigning socketPath: \\\\?\\pipe\\E:\\maestro-shopping\\functions\\10876"}}
[debug] [2022-01-30T14:53:13.998Z] [worker-us-central1-api-6bc0f463-a092-4647-884d-793209dc4ab5]: BUSY {"metadata":{"emulator":{"name":"functions"},"message":"[worker-us-central1-api-6bc0f463-a092-4647-884d-793209dc4ab5]: BUSY"}}
[debug] [2022-01-30T14:53:14.365Z] [runtime-status] [10876] Functions runtime initialized. {"cwd":"E:\\maestro-shopping\\functions","node_version":"14.17.0"} {"metadata":{"emulator":{"name":"functions"},"function":{"name":"us-central1-api"},"message":"[runtime-status] [10876] Functions runtime initialized. {\"cwd\":\"E:\\\\maestro-shopping\\\\functions\",\"node_version\":\"14.17.0\"}"}}
[debug] [2022-01-30T14:53:14.368Z] [runtime-status] [10876] Disabled runtime features: undefined {"metadata":{"emulator":{"name":"functions"},"function":{"name":"us-central1-api"},"message":"[runtime-status] [10876] Disabled runtime features: undefined"}}
[debug] [2022-01-30T14:53:14.369Z] [runtime-status] [10876] Resolved module firebase-admin {"declared":true,"installed":true,"version":"9.12.0","resolution":"E:\\maestro-shopping\\functions\\node_modules\\firebase-admin\\lib\\index.js"} {"metadata":{"emulator":{"name":"functions"},"function":{"name":"us-central1-api"},"message":"[runtime-status] [10876] Resolved module firebase-admin {\"declared\":true,\"installed\":true,\"version\":\"9.12.0\",\"resolution\":\"E:\\\\maestro-shopping\\\\functions\\\\node_modules\\\\firebase-admin\\\\lib\\\\index.js\"}"}}
[debug] [2022-01-30T14:53:14.375Z] [runtime-status] [10876] Resolved module firebase-functions {"declared":true,"installed":true,"version":"3.16.0","resolution":"E:\\maestro-shopping\\functions\\node_modules\\firebase-functions\\lib\\index.js"} {"metadata":{"emulator":{"name":"functions"},"function":{"name":"us-central1-api"},"message":"[runtime-status] [10876] Resolved module firebase-functions {\"declared\":true,\"installed\":true,\"version\":\"3.16.0\",\"resolution\":\"E:\\\\maestro-shopping\\\\functions\\\\node_modules\\\\firebase-functions\\\\lib\\\\index.js\"}"}}
[debug] [2022-01-30T14:53:14.378Z] [runtime-status] [10876] Outgoing network have been stubbed. [{"name":"http","status":"mocked"},{"name":"http","status":"mocked"},{"name":"https","status":"mocked"},{"name":"https","status":"mocked"},{"name":"net","status":"mocked"}] {"metadata":{"emulator":{"name":"functions"},"function":{"name":"us-central1-api"},"message":"[runtime-status] [10876] Outgoing network have been stubbed. [{\"name\":\"http\",\"status\":\"mocked\"},{\"name\":\"http\",\"status\":\"mocked\"},{\"name\":\"https\",\"status\":\"mocked\"},{\"name\":\"https\",\"status\":\"mocked\"},{\"name\":\"net\",\"status\":\"mocked\"}]"}}
[debug] [2022-01-30T14:53:14.379Z] [runtime-status] [10876] Resolved module firebase-functions {"declared":true,"installed":true,"version":"3.16.0","resolution":"E:\\maestro-shopping\\functions\\node_modules\\firebase-functions\\lib\\index.js"} {"metadata":{"emulator":{"name":"functions"},"function":{"name":"us-central1-api"},"message":"[runtime-status] [10876] Resolved module firebase-functions {\"declared\":true,\"installed\":true,\"version\":\"3.16.0\",\"resolution\":\"E:\\\\maestro-shopping\\\\functions\\\\node_modules\\\\firebase-functions\\\\lib\\\\index.js\"}"}}
[debug] [2022-01-30T14:53:14.448Z] [runtime-status] [10876] Checked functions.config() {"config":{}} {"metadata":{"emulator":{"name":"functions"},"function":{"name":"us-central1-api"},"message":"[runtime-status] [10876] Checked functions.config() {\"config\":{}}"}}
[debug] [2022-01-30T14:53:14.448Z] [runtime-status] [10876] firebase-functions has been stubbed. {"functionsResolution":{"declared":true,"installed":true,"version":"3.16.0","resolution":"E:\\maestro-shopping\\functions\\node_modules\\firebase-functions\\lib\\index.js"}} {"metadata":{"emulator":{"name":"functions"},"function":{"name":"us-central1-api"},"message":"[runtime-status] [10876] firebase-functions has been stubbed. {\"functionsResolution\":{\"declared\":true,\"installed\":true,\"version\":\"3.16.0\",\"resolution\":\"E:\\\\maestro-shopping\\\\functions\\\\node_modules\\\\firebase-functions\\\\lib\\\\index.js\"}}"}}
[debug] [2022-01-30T14:53:14.448Z] [runtime-status] [10876] Resolved module firebase-functions {"declared":true,"installed":true,"version":"3.16.0","resolution":"E:\\maestro-shopping\\functions\\node_modules\\firebase-functions\\lib\\index.js"} {"metadata":{"emulator":{"name":"functions"},"function":{"name":"us-central1-api"},"message":"[runtime-status] [10876] Resolved module firebase-functions {\"declared\":true,\"installed\":true,\"version\":\"3.16.0\",\"resolution\":\"E:\\\\maestro-shopping\\\\functions\\\\node_modules\\\\firebase-functions\\\\lib\\\\index.js\"}"}}
[debug] [2022-01-30T14:53:14.449Z] [runtime-status] [10876] Resolved module firebase-admin {"declared":true,"installed":true,"version":"9.12.0","resolution":"E:\\maestro-shopping\\functions\\node_modules\\firebase-admin\\lib\\index.js"} {"metadata":{"emulator":{"name":"functions"},"function":{"name":"us-central1-api"},"message":"[runtime-status] [10876] Resolved module firebase-admin {\"declared\":true,\"installed\":true,\"version\":\"9.12.0\",\"resolution\":\"E:\\\\maestro-shopping\\\\functions\\\\node_modules\\\\firebase-admin\\\\lib\\\\index.js\"}"}}
[debug] [2022-01-30T14:53:14.452Z] [runtime-status] [10876] Resolved module firebase-functions {"declared":true,"installed":true,"version":"3.16.0","resolution":"E:\\maestro-shopping\\functions\\node_modules\\firebase-functions\\lib\\index.js"} {"metadata":{"emulator":{"name":"functions"},"function":{"name":"us-central1-api"},"message":"[runtime-status] [10876] Resolved module firebase-functions {\"declared\":true,\"installed\":true,\"version\":\"3.16.0\",\"resolution\":\"E:\\\\maestro-shopping\\\\functions\\\\node_modules\\\\firebase-functions\\\\lib\\\\index.js\"}"}}
[debug] [2022-01-30T14:53:14.452Z] [runtime-status] [10876] firebase-admin has been stubbed. {"adminResolution":{"declared":true,"installed":true,"version":"9.12.0","resolution":"E:\\maestro-shopping\\functions\\node_modules\\firebase-admin\\lib\\index.js"}} {"metadata":{"emulator":{"name":"functions"},"function":{"name":"us-central1-api"},"message":"[runtime-status] [10876] firebase-admin has been stubbed. {\"adminResolution\":{\"declared\":true,\"installed\":true,\"version\":\"9.12.0\",\"resolution\":\"E:\\\\maestro-shopping\\\\functions\\\\node_modules\\\\firebase-admin\\\\lib\\\\index.js\"}}"}}
[debug] [2022-01-30T14:53:14.750Z] [runtime-status] [10876] Trigger "us-central1-api" has been found, beginning invocation! {"metadata":{"emulator":{"name":"functions"},"function":{"name":"us-central1-api"},"message":"[runtime-status] [10876] Trigger \"us-central1-api\" has been found, beginning invocation!"}}
[info] i  functions: Beginning execution of "us-central1-api" {"metadata":{"emulator":{"name":"functions"},"function":{"name":"us-central1-api"},"message":"Beginning execution of \"us-central1-api\""}}
[debug] [2022-01-30T14:53:14.753Z] [runtime-status] [10876] triggerDefinition {"httpsTrigger":{},"name":"api","entryPoint":"api","regions":["us-central1"],"region":"us-central1","id":"us-central1-api","platform":"gcfv1"} {"metadata":{"emulator":{"name":"functions"},"function":{"name":"us-central1-api"},"message":"[runtime-status] [10876] triggerDefinition {\"httpsTrigger\":{},\"name\":\"api\",\"entryPoint\":\"api\",\"regions\":[\"us-central1\"],\"region\":\"us-central1\",\"id\":\"us-central1-api\",\"platform\":\"gcfv1\"}"}}
[debug] [2022-01-30T14:53:14.753Z] [runtime-status] [10876] Running us-central1-api in signature http {"metadata":{"emulator":{"name":"functions"},"function":{"name":"us-central1-api"},"message":"[runtime-status] [10876] Running us-central1-api in signature http"}}
[debug] [2022-01-30T14:53:14.754Z] [runtime-status] [10876] Attempting to listen to socketPath: \\?\pipe\E:\maestro-shopping\functions\10876 {"metadata":{"emulator":{"name":"functions"},"function":{"name":"us-central1-api"},"message":"[runtime-status] [10876] Attempting to listen to socketPath: \\\\?\\pipe\\E:\\maestro-shopping\\functions\\10876"}}
[debug] [2022-01-30T14:53:14.767Z] [functions] Runtime ready! Sending request! {"metadata":{"emulator":{"name":"functions"},"message":"[functions] Runtime ready! Sending request!"}}
[debug] [2022-01-30T14:53:14.769Z] [functions] Got req.url=/maestro-shopping/us-central1/api/payments/create?total=43980, mapping to path=/payments/create?total=43980 {"metadata":{"emulator":{"name":"functions"},"message":"[functions] Got req.url=/maestro-shopping/us-central1/api/payments/create?total=43980, mapping to path=/payments/create?total=43980"}}
[debug] [2022-01-30T14:53:14.796Z] [runtime-status] [10876] Ephemeral server handling POST request {"metadata":{"emulator":{"name":"functions"},"function":{"name":"us-central1-api"},"message":"[runtime-status] [10876] Ephemeral server handling POST request"}}
[info] >  Payment Request Recieved BOOM!!! for this amount >>>  43980 {"user":"Payment Request Recieved BOOM!!! for this amount >>>  43980","metadata":{"emulator":{"name":"functions"},"function":{"name":"us-central1-api"},"message":"\u001b[90m> \u001b[39m Payment Request Recieved BOOM!!! for this amount >>>  43980"}}
[debug] [2022-01-30T14:53:14.826Z] [runtime-status] [10876] Ephemeral server survived. {"metadata":{"emulator":{"name":"functions"},"function":{"name":"us-central1-api"},"message":"[runtime-status] [10876] Ephemeral server survived."}}
[info] i  functions: Finished "us-central1-api" in ~1s {"metadata":{"emulator":{"name":"functions"},"function":{"name":"us-central1-api"},"message":"Finished \"us-central1-api\" in ~1s"}}
[debug] [2022-01-30T14:53:15.645Z] [worker-us-central1-api-6bc0f463-a092-4647-884d-793209dc4ab5]: IDLE {"metadata":{"emulator":{"name":"functions"},"message":"[worker-us-central1-api-6bc0f463-a092-4647-884d-793209dc4ab5]: IDLE"}}
[debug] [2022-01-30T14:53:15.645Z] [work-queue] {"queueLength":0,"workRunningCount":0}
[debug] [2022-01-30T15:05:18.361Z] ----------------------------------------------------------------------
[debug] [2022-01-30T15:05:18.363Z] Command:       C:\Program Files\nodejs\node.exe C:\Users\rpsra\AppData\Roaming\npm\node_modules\firebase-tools\lib\bin\firebase.js emulators:start --only functions
[debug] [2022-01-30T15:05:18.364Z] CLI Version:   10.1.2
[debug] [2022-01-30T15:05:18.364Z] Platform:      win32
[debug] [2022-01-30T15:05:18.364Z] Node Version:  v14.17.0
[debug] [2022-01-30T15:05:18.368Z] Time:          Sun Jan 30 2022 20:35:18 GMT+0530 (India Standard Time)
[debug] [2022-01-30T15:05:18.369Z] ----------------------------------------------------------------------
[debug] 
[debug] [2022-01-30T15:05:18.433Z] > command requires scopes: ["email","openid","https://www.googleapis.com/auth/cloudplatformprojects.readonly","https://www.googleapis.com/auth/firebase","https://www.googleapis.com/auth/cloud-platform"]
[debug] [2022-01-30T15:05:18.433Z] > authorizing via signed-in user (rpsram98@gmail.com)
[info] i  emulators: Starting emulators: functions {"metadata":{"emulator":{"name":"hub"},"message":"Starting emulators: functions"}}
[warn] !  emulators: It seems that you are running multiple instances of the emulator suite for project maestro-shopping. This may result in unexpected behavior. 
[debug] [2022-01-30T15:05:18.486Z] [hub] writing locator at C:\Users\rpsra\AppData\Local\Temp\hub-maestro-shopping.json
[warn] !  functions: The following emulators are not running, calls to these services from the Functions emulator will affect production: auth, firestore, database, hosting, pubsub, storage {"metadata":{"emulator":{"name":"functions"},"message":"The following emulators are not running, calls to these services from the Functions emulator will affect production: \u001b[1mauth, firestore, database, hosting, pubsub, storage\u001b[22m"}}
[warn] !  Your requested "node" version "16" doesn't match your global version "14" {"metadata":{"emulator":{"name":"functions"},"message":"Your requested \"node\" version \"16\" doesn't match your global version \"14\""}}
[debug] [2022-01-30T15:05:18.546Z] defaultcredentials: writing to file C:\Users\rpsra\AppData\Roaming\firebase\rpsram98_gmail_com_application_default_credentials.json
[debug] [2022-01-30T15:05:18.548Z] Setting GAC to C:\Users\rpsra\AppData\Roaming\firebase\rpsram98_gmail_com_application_default_credentials.json {"metadata":{"emulator":{"name":"functions"},"message":"Setting GAC to C:\\Users\\rpsra\\AppData\\Roaming\\firebase\\rpsram98_gmail_com_application_default_credentials.json"}}
[debug] [2022-01-30T15:05:18.550Z] > refreshing access token with scopes: []
[debug] [2022-01-30T15:05:18.550Z] >>> HTTP REQUEST POST https://www.googleapis.com/oauth2/v3/token  
 <request body omitted>
[debug] [2022-01-30T15:05:18.883Z] <<< HTTP RESPONSE 200 {"date":"Sun, 30 Jan 2022 15:05:19 GMT","pragma":"no-cache","cache-control":"no-cache, no-store, max-age=0, must-revalidate","expires":"Mon, 01 Jan 1990 00:00:00 GMT","content-type":"application/json; charset=utf-8","vary":"X-Origin, Referer, Origin,Accept-Encoding","server":"scaffolding on HTTPServer2","x-xss-protection":"0","x-frame-options":"SAMEORIGIN","x-content-type-options":"nosniff","alt-svc":"h3=\":443\"; ma=2592000,h3-29=\":443\"; ma=2592000,h3-Q050=\":443\"; ma=2592000,h3-Q046=\":443\"; ma=2592000,h3-Q043=\":443\"; ma=2592000,quic=\":443\"; ma=2592000; v=\"46,43\"","accept-ranges":"none","transfer-encoding":"chunked"}
[debug] [2022-01-30T15:05:18.891Z] >>> [apiv2][query] GET https://firebase.googleapis.com/v1beta1/projects/maestro-shopping/adminSdkConfig [none]
[debug] [2022-01-30T15:05:19.502Z] <<< [apiv2][status] GET https://firebase.googleapis.com/v1beta1/projects/maestro-shopping/adminSdkConfig 200
[debug] [2022-01-30T15:05:19.503Z] <<< [apiv2][body] GET https://firebase.googleapis.com/v1beta1/projects/maestro-shopping/adminSdkConfig {"projectId":"maestro-shopping","storageBucket":"maestro-shopping.appspot.com","locationId":"us-central"}
[warn] !  ui: Emulator UI unable to start on port 4000, starting on 4001 instead. {"metadata":{"emulator":{"name":"ui"},"message":"Emulator UI unable to start on port 4000, starting on 4001 instead."}}
[debug] [2022-01-30T15:05:19.532Z] Ignoring unsupported arg: auto_download {"metadata":{"emulator":{"name":"ui"},"message":"Ignoring unsupported arg: auto_download"}}
[debug] [2022-01-30T15:05:19.532Z] Ignoring unsupported arg: port {"metadata":{"emulator":{"name":"ui"},"message":"Ignoring unsupported arg: port"}}
[debug] [2022-01-30T15:05:19.532Z] Starting Emulator UI with command {"binary":"node","args":["C:\\Users\\rpsra\\.cache\\firebase\\emulators\\ui-v1.6.4\\server.bundle.js"],"optionalArgs":[],"joinArgs":false} {"metadata":{"emulator":{"name":"ui"},"message":"Starting Emulator UI with command {\"binary\":\"node\",\"args\":[\"C:\\\\Users\\\\rpsra\\\\.cache\\\\firebase\\\\emulators\\\\ui-v1.6.4\\\\server.bundle.js\"],\"optionalArgs\":[],\"joinArgs\":false}"}}
[info] i  ui: Emulator UI logging to ui-debug.log {"metadata":{"emulator":{"name":"ui"},"message":"Emulator UI logging to \u001b[1mui-debug.log\u001b[22m"}}
[debug] [2022-01-30T15:05:19.660Z] Web / API server started at localhost:4001
 {"metadata":{"emulator":{"name":"ui"},"message":"Web / API server started at localhost:4001\n"}}
[info] i  functions: Watching "E:\maestro-shopping\functions" for Cloud Functions... {"metadata":{"emulator":{"name":"functions"},"message":"Watching \"E:\\maestro-shopping\\functions\" for Cloud Functions..."}}
[debug] [2022-01-30T15:05:19.832Z] [worker-pool] addWorker(~diagnostic~) {"metadata":{"emulator":{"name":"functions"},"message":"[worker-pool] addWorker(~diagnostic~)"}}
[debug] [2022-01-30T15:05:19.833Z] [worker-pool] Adding worker with key ~diagnostic~, total=1 {"metadata":{"emulator":{"name":"functions"},"message":"[worker-pool] Adding worker with key ~diagnostic~, total=1"}}
[debug] [2022-01-30T15:05:19.833Z] [worker-pool] submitWork(triggerId=) {"metadata":{"emulator":{"name":"functions"},"message":"[worker-pool] submitWork(triggerId=)"}}
[debug] [2022-01-30T15:05:19.833Z] [worker-~diagnostic~-5b0dcf70-7341-405e-97db-56afbbf2b127]: Assigning socketPath: \\?\pipe\E:\maestro-shopping\functions\5080 {"metadata":{"emulator":{"name":"functions"},"message":"[worker-~diagnostic~-5b0dcf70-7341-405e-97db-56afbbf2b127]: Assigning socketPath: \\\\?\\pipe\\E:\\maestro-shopping\\functions\\5080"}}
[debug] [2022-01-30T15:05:19.834Z] [worker-~diagnostic~-5b0dcf70-7341-405e-97db-56afbbf2b127]: BUSY {"metadata":{"emulator":{"name":"functions"},"message":"[worker-~diagnostic~-5b0dcf70-7341-405e-97db-56afbbf2b127]: BUSY"}}
[debug] [2022-01-30T15:05:20.050Z] [runtime-status] [5080] Functions runtime initialized. {"cwd":"E:\\maestro-shopping\\functions","node_version":"14.17.0"} {"metadata":{"emulator":{"name":"functions"},"message":"[runtime-status] [5080] Functions runtime initialized. {\"cwd\":\"E:\\\\maestro-shopping\\\\functions\",\"node_version\":\"14.17.0\"}"}}
[debug] [2022-01-30T15:05:20.050Z] [runtime-status] [5080] Disabled runtime features: undefined {"metadata":{"emulator":{"name":"functions"},"message":"[runtime-status] [5080] Disabled runtime features: undefined"}}
[debug] [2022-01-30T15:05:20.053Z] [runtime-status] [5080] Resolved module firebase-admin {"declared":true,"installed":true,"version":"9.12.0","resolution":"E:\\maestro-shopping\\functions\\node_modules\\firebase-admin\\lib\\index.js"} {"metadata":{"emulator":{"name":"functions"},"message":"[runtime-status] [5080] Resolved module firebase-admin {\"declared\":true,\"installed\":true,\"version\":\"9.12.0\",\"resolution\":\"E:\\\\maestro-shopping\\\\functions\\\\node_modules\\\\firebase-admin\\\\lib\\\\index.js\"}"}}
[debug] [2022-01-30T15:05:20.056Z] [runtime-status] [5080] Resolved module firebase-functions {"declared":true,"installed":true,"version":"3.16.0","resolution":"E:\\maestro-shopping\\functions\\node_modules\\firebase-functions\\lib\\index.js"} {"metadata":{"emulator":{"name":"functions"},"message":"[runtime-status] [5080] Resolved module firebase-functions {\"declared\":true,\"installed\":true,\"version\":\"3.16.0\",\"resolution\":\"E:\\\\maestro-shopping\\\\functions\\\\node_modules\\\\firebase-functions\\\\lib\\\\index.js\"}"}}
[debug] [2022-01-30T15:05:20.058Z] [runtime-status] [5080] Outgoing network have been stubbed. [{"name":"http","status":"mocked"},{"name":"http","status":"mocked"},{"name":"https","status":"mocked"},{"name":"https","status":"mocked"},{"name":"net","status":"mocked"}] {"metadata":{"emulator":{"name":"functions"},"message":"[runtime-status] [5080] Outgoing network have been stubbed. [{\"name\":\"http\",\"status\":\"mocked\"},{\"name\":\"http\",\"status\":\"mocked\"},{\"name\":\"https\",\"status\":\"mocked\"},{\"name\":\"https\",\"status\":\"mocked\"},{\"name\":\"net\",\"status\":\"mocked\"}]"}}
[debug] [2022-01-30T15:05:20.059Z] [runtime-status] [5080] Resolved module firebase-functions {"declared":true,"installed":true,"version":"3.16.0","resolution":"E:\\maestro-shopping\\functions\\node_modules\\firebase-functions\\lib\\index.js"} {"metadata":{"emulator":{"name":"functions"},"message":"[runtime-status] [5080] Resolved module firebase-functions {\"declared\":true,\"installed\":true,\"version\":\"3.16.0\",\"resolution\":\"E:\\\\maestro-shopping\\\\functions\\\\node_modules\\\\firebase-functions\\\\lib\\\\index.js\"}"}}
[debug] [2022-01-30T15:05:20.129Z] [runtime-status] [5080] Checked functions.config() {"config":{}} {"metadata":{"emulator":{"name":"functions"},"message":"[runtime-status] [5080] Checked functions.config() {\"config\":{}}"}}
[debug] [2022-01-30T15:05:20.129Z] [runtime-status] [5080] firebase-functions has been stubbed. {"functionsResolution":{"declared":true,"installed":true,"version":"3.16.0","resolution":"E:\\maestro-shopping\\functions\\node_modules\\firebase-functions\\lib\\index.js"}} {"metadata":{"emulator":{"name":"functions"},"message":"[runtime-status] [5080] firebase-functions has been stubbed. {\"functionsResolution\":{\"declared\":true,\"installed\":true,\"version\":\"3.16.0\",\"resolution\":\"E:\\\\maestro-shopping\\\\functions\\\\node_modules\\\\firebase-functions\\\\lib\\\\index.js\"}}"}}
[debug] [2022-01-30T15:05:20.130Z] [runtime-status] [5080] Resolved module firebase-functions {"declared":true,"installed":true,"version":"3.16.0","resolution":"E:\\maestro-shopping\\functions\\node_modules\\firebase-functions\\lib\\index.js"} {"metadata":{"emulator":{"name":"functions"},"message":"[runtime-status] [5080] Resolved module firebase-functions {\"declared\":true,\"installed\":true,\"version\":\"3.16.0\",\"resolution\":\"E:\\\\maestro-shopping\\\\functions\\\\node_modules\\\\firebase-functions\\\\lib\\\\index.js\"}"}}
[debug] [2022-01-30T15:05:20.133Z] [runtime-status] [5080] Resolved module firebase-admin {"declared":true,"installed":true,"version":"9.12.0","resolution":"E:\\maestro-shopping\\functions\\node_modules\\firebase-admin\\lib\\index.js"} {"metadata":{"emulator":{"name":"functions"},"message":"[runtime-status] [5080] Resolved module firebase-admin {\"declared\":true,\"installed\":true,\"version\":\"9.12.0\",\"resolution\":\"E:\\\\maestro-shopping\\\\functions\\\\node_modules\\\\firebase-admin\\\\lib\\\\index.js\"}"}}
[debug] [2022-01-30T15:05:20.134Z] [runtime-status] [5080] Resolved module firebase-functions {"declared":true,"installed":true,"version":"3.16.0","resolution":"E:\\maestro-shopping\\functions\\node_modules\\firebase-functions\\lib\\index.js"} {"metadata":{"emulator":{"name":"functions"},"message":"[runtime-status] [5080] Resolved module firebase-functions {\"declared\":true,\"installed\":true,\"version\":\"3.16.0\",\"resolution\":\"E:\\\\maestro-shopping\\\\functions\\\\node_modules\\\\firebase-functions\\\\lib\\\\index.js\"}"}}
[debug] [2022-01-30T15:05:20.134Z] [runtime-status] [5080] firebase-admin has been stubbed. {"adminResolution":{"declared":true,"installed":true,"version":"9.12.0","resolution":"E:\\maestro-shopping\\functions\\node_modules\\firebase-admin\\lib\\index.js"}} {"metadata":{"emulator":{"name":"functions"},"message":"[runtime-status] [5080] firebase-admin has been stubbed. {\"adminResolution\":{\"declared\":true,\"installed\":true,\"version\":\"9.12.0\",\"resolution\":\"E:\\\\maestro-shopping\\\\functions\\\\node_modules\\\\firebase-admin\\\\lib\\\\index.js\"}}"}}
[info] +  functions[us-central1-api]: http function initialized (http://localhost:5001/maestro-shopping/us-central1/api). {"metadata":{"emulator":{"name":"functions"},"message":"\u001b[1mhttp\u001b[22m function initialized (http://localhost:5001/maestro-shopping/us-central1/api)."}}
[info] 
┌─────────────────────────────────────────────────────────────┐
│ ✔  All emulators ready! It is now safe to connect your app. │
│ i  View Emulator UI at http://localhost:4001                │
└─────────────────────────────────────────────────────────────┘

┌───────────┬────────────────┬─────────────────────────────────┐
│ Emulator  │ Host:Port      │ View in Emulator UI             │
├───────────┼────────────────┼─────────────────────────────────┤
│ Functions │ localhost:5001 │ http://localhost:4001/functions │
└───────────┴────────────────┴─────────────────────────────────┘
  Emulator Hub running at localhost:4400
  Other reserved ports: 4500

Issues? Report them at https://github.com/firebase/firebase-tools/issues and attach the *-debug.log files.
 
[debug] [2022-01-30T15:05:20.351Z] [worker-~diagnostic~-5b0dcf70-7341-405e-97db-56afbbf2b127]: IDLE {"metadata":{"emulator":{"name":"functions"},"message":"[worker-~diagnostic~-5b0dcf70-7341-405e-97db-56afbbf2b127]: IDLE"}}
[debug] [2022-01-30T15:49:55.023Z] [worker-~diagnostic~-5b0dcf70-7341-405e-97db-56afbbf2b127]: exited {"metadata":{"emulator":{"name":"functions"},"message":"[worker-~diagnostic~-5b0dcf70-7341-405e-97db-56afbbf2b127]: exited"}}
